85912:C 19 Jul 2022 17:40:37.663 # oO0OoO0OoO0Oo Redis is starting oO0OoO0OoO0Oo
85912:C 19 Jul 2022 17:40:37.663 # Redis version=6.0.16, bits=64, commit=5895d119, modified=1, pid=85912, just started
85912:C 19 Jul 2022 17:40:37.663 # Configuration loaded
                _._                                                  
           _.-``__ ''-._                                             
      _.-``    `.  `_.  ''-._           Redis 6.0.16 (5895d119/1) 64 bit
  .-`` .-```.  ```\/    _.,_ ''-._                                   
 (    '      ,       .-`  | `,    )     Running in standalone mode
 |`-._`-...-` __...-.``-._|'` _.-'|     Port: 6379
 |    `-._   `._    /     _.-'    |     PID: 85912
  `-._    `-._  `-./  _.-'    _.-'                                   
 |`-._`-._    `-.__.-'    _.-'_.-'|                                  
 |    `-._`-._        _.-'_.-'    |           http://redis.io        
  `-._    `-._`-.__.-'_.-'    _.-'                                   
 |`-._`-._    `-.__.-'    _.-'_.-'|                                  
 |    `-._`-._        _.-'_.-'    |                                  
  `-._    `-._`-.__.-'_.-'    _.-'                                   
      `-._    `-.__.-'    _.-'                                       
          `-._        _.-'                                           
              `-.__.-'                                               

85912:M 19 Jul 2022 17:40:37.664 # WARNING: The TCP backlog setting of 511 cannot be enforced because /proc/sys/net/core/somaxconn is set to the lower value of 128.
85912:M 19 Jul 2022 17:40:37.664 # Server initialized
85912:M 19 Jul 2022 17:40:37.664 # WARNING overcommit_memory is set to 0! Background save may fail under low memory condition. To fix this issue add 'vm.overcommit_memory = 1' to /etc/sysctl.conf and then reboot or run the command 'sysctl vm.overcommit_memory=1' for this to take effect.
85912:M 19 Jul 2022 17:40:37.669 * Loading RDB produced by version 6.0.16
85912:M 19 Jul 2022 17:40:37.669 * RDB age 3787389 seconds
85912:M 19 Jul 2022 17:40:37.669 * RDB memory usage when created 0.79 Mb
85912:M 19 Jul 2022 17:40:37.669 * DB loaded from disk: 0.000 seconds
85912:M 19 Jul 2022 17:40:37.669 * Ready to accept connections
86149:C 19 Jul 2022 17:40:54.864 # oO0OoO0OoO0Oo Redis is starting oO0OoO0OoO0Oo
86149:C 19 Jul 2022 17:40:54.864 # Redis version=6.0.16, bits=64, commit=5895d119, modified=1, pid=86149, just started
86149:C 19 Jul 2022 17:40:54.864 # Configuration loaded
                _._                                                  
           _.-``__ ''-._                                             
      _.-``    `.  `_.  ''-._           Redis 6.0.16 (5895d119/1) 64 bit
  .-`` .-```.  ```\/    _.,_ ''-._                                   
 (    '      ,       .-`  | `,    )     Running in standalone mode
 |`-._`-...-` __...-.``-._|'` _.-'|     Port: 6379
 |    `-._   `._    /     _.-'    |     PID: 86149
  `-._    `-._  `-./  _.-'    _.-'                                   
 |`-._`-._    `-.__.-'    _.-'_.-'|                                  
 |    `-._`-._        _.-'_.-'    |           http://redis.io        
  `-._    `-._`-.__.-'_.-'    _.-'                                   
 |`-._`-._    `-.__.-'    _.-'_.-'|                                  
 |    `-._`-._        _.-'_.-'    |                                  
  `-._    `-._`-.__.-'_.-'    _.-'                                   
      `-._    `-.__.-'    _.-'                                       
          `-._        _.-'                                           
              `-.__.-'                                               

86149:M 19 Jul 2022 17:40:54.866 # WARNING: The TCP backlog setting of 511 cannot be enforced because /proc/sys/net/core/somaxconn is set to the lower value of 128.
86149:M 19 Jul 2022 17:40:54.866 # Server initialized
86149:M 19 Jul 2022 17:40:54.866 # WARNING overcommit_memory is set to 0! Background save may fail under low memory condition. To fix this issue add 'vm.overcommit_memory = 1' to /etc/sysctl.conf and then reboot or run the command 'sysctl vm.overcommit_memory=1' for this to take effect.
86149:M 19 Jul 2022 17:40:54.871 * Loading RDB produced by version 6.0.16
86149:M 19 Jul 2022 17:40:54.871 * RDB age 3787406 seconds
86149:M 19 Jul 2022 17:40:54.871 * RDB memory usage when created 0.79 Mb
86149:M 19 Jul 2022 17:40:54.871 * DB loaded from disk: 0.000 seconds
86149:M 19 Jul 2022 17:40:54.871 * Ready to accept connections
86438:C 19 Jul 2022 17:41:42.901 # oO0OoO0OoO0Oo Redis is starting oO0OoO0OoO0Oo
86438:C 19 Jul 2022 17:41:42.901 # Redis version=6.0.16, bits=64, commit=5895d119, modified=1, pid=86438, just started
86438:C 19 Jul 2022 17:41:42.901 # Configuration loaded
                _._                                                  
           _.-``__ ''-._                                             
      _.-``    `.  `_.  ''-._           Redis 6.0.16 (5895d119/1) 64 bit
  .-`` .-```.  ```\/    _.,_ ''-._                                   
 (    '      ,       .-`  | `,    )     Running in standalone mode
 |`-._`-...-` __...-.``-._|'` _.-'|     Port: 6379
 |    `-._   `._    /     _.-'    |     PID: 86438
  `-._    `-._  `-./  _.-'    _.-'                                   
 |`-._`-._    `-.__.-'    _.-'_.-'|                                  
 |    `-._`-._        _.-'_.-'    |           http://redis.io        
  `-._    `-._`-.__.-'_.-'    _.-'                                   
 |`-._`-._    `-.__.-'    _.-'_.-'|                                  
 |    `-._`-._        _.-'_.-'    |                                  
  `-._    `-._`-.__.-'_.-'    _.-'                                   
      `-._    `-.__.-'    _.-'                                       
          `-._        _.-'                                           
              `-.__.-'                                               

86438:M 19 Jul 2022 17:41:42.902 # WARNING: The TCP backlog setting of 511 cannot be enforced because /proc/sys/net/core/somaxconn is set to the lower value of 128.
86438:M 19 Jul 2022 17:41:42.902 # Server initialized
86438:M 19 Jul 2022 17:41:42.902 # WARNING overcommit_memory is set to 0! Background save may fail under low memory condition. To fix this issue add 'vm.overcommit_memory = 1' to /etc/sysctl.conf and then reboot or run the command 'sysctl vm.overcommit_memory=1' for this to take effect.
86438:M 19 Jul 2022 17:41:42.910 * Ready to accept connections
86438:M 19 Jul 2022 17:56:43.029 * 1 changes in 900 seconds. Saving...
86438:M 19 Jul 2022 17:56:43.031 * Background saving started by pid 88682
88682:C 19 Jul 2022 17:56:43.042 * DB saved on disk
88682:C 19 Jul 2022 17:56:43.043 * RDB: 0 MB of memory used by copy-on-write
86438:M 19 Jul 2022 17:56:43.133 * Background saving terminated with success
106538:C 19 Jul 2022 20:10:05.132 # oO0OoO0OoO0Oo Redis is starting oO0OoO0OoO0Oo
106538:C 19 Jul 2022 20:10:05.132 # Redis version=6.0.16, bits=64, commit=5895d119, modified=1, pid=106538, just started
106538:C 19 Jul 2022 20:10:05.133 # Configuration loaded
                _._                                                  
           _.-``__ ''-._                                             
      _.-``    `.  `_.  ''-._           Redis 6.0.16 (5895d119/1) 64 bit
  .-`` .-```.  ```\/    _.,_ ''-._                                   
 (    '      ,       .-`  | `,    )     Running in standalone mode
 |`-._`-...-` __...-.``-._|'` _.-'|     Port: 6379
 |    `-._   `._    /     _.-'    |     PID: 106538
  `-._    `-._  `-./  _.-'    _.-'                                   
 |`-._`-._    `-.__.-'    _.-'_.-'|                                  
 |    `-._`-._        _.-'_.-'    |           http://redis.io        
  `-._    `-._`-.__.-'_.-'    _.-'                                   
 |`-._`-._    `-.__.-'    _.-'_.-'|                                  
 |    `-._`-._        _.-'_.-'    |                                  
  `-._    `-._`-.__.-'_.-'    _.-'                                   
      `-._    `-.__.-'    _.-'                                       
          `-._        _.-'                                           
              `-.__.-'                                               

106538:M 19 Jul 2022 20:10:05.134 # WARNING: The TCP backlog setting of 511 cannot be enforced because /proc/sys/net/core/somaxconn is set to the lower value of 128.
106538:M 19 Jul 2022 20:10:05.134 # Server initialized
106538:M 19 Jul 2022 20:10:05.134 # WARNING overcommit_memory is set to 0! Background save may fail under low memory condition. To fix this issue add 'vm.overcommit_memory = 1' to /etc/sysctl.conf and then reboot or run the command 'sysctl vm.overcommit_memory=1' for this to take effect.
106538:M 19 Jul 2022 20:10:05.141 * Loading RDB produced by version 6.0.16
106538:M 19 Jul 2022 20:10:05.141 * RDB age 8002 seconds
106538:M 19 Jul 2022 20:10:05.141 * RDB memory usage when created 0.79 Mb
106538:M 19 Jul 2022 20:10:05.141 * DB loaded from disk: 0.000 seconds
106538:M 19 Jul 2022 20:10:05.142 * Ready to accept connections
106538:M 19 Jul 2022 20:42:59.134 * 1 changes in 900 seconds. Saving...
106538:M 19 Jul 2022 20:42:59.144 * Background saving started by pid 111293
111293:C 19 Jul 2022 20:42:59.145 * DB saved on disk
111293:C 19 Jul 2022 20:42:59.146 * RDB: 0 MB of memory used by copy-on-write
106538:M 19 Jul 2022 20:42:59.246 * Background saving terminated with success
106538:M 19 Jul 2022 20:55:29.955 * 10 changes in 300 seconds. Saving...
106538:M 19 Jul 2022 20:55:29.961 * Background saving started by pid 113168
113168:C 19 Jul 2022 20:55:29.964 * DB saved on disk
113168:C 19 Jul 2022 20:55:29.965 * RDB: 0 MB of memory used by copy-on-write
106538:M 19 Jul 2022 20:55:30.066 * Background saving terminated with success
106538:M 19 Jul 2022 21:11:52.061 * 1 changes in 900 seconds. Saving...
106538:M 19 Jul 2022 21:11:52.066 * Background saving started by pid 115814
115814:C 19 Jul 2022 21:11:52.068 * DB saved on disk
115814:C 19 Jul 2022 21:11:52.069 * RDB: 0 MB of memory used by copy-on-write
106538:M 19 Jul 2022 21:11:52.170 * Background saving terminated with success
106538:M 19 Jul 2022 21:26:53.059 * 1 changes in 900 seconds. Saving...
117982:C 19 Jul 2022 21:26:53.072 * DB saved on disk
117982:C 19 Jul 2022 21:26:53.072 * RDB: 0 MB of memory used by copy-on-write
106538:M 19 Jul 2022 21:26:53.078 * Background saving started by pid 117982
106538:M 19 Jul 2022 21:26:53.179 * Background saving terminated with success
106538:M 19 Jul 2022 21:41:54.074 * 1 changes in 900 seconds. Saving...
106538:M 19 Jul 2022 21:41:54.076 * Background saving started by pid 120298
120298:C 19 Jul 2022 21:41:54.078 * DB saved on disk
120298:C 19 Jul 2022 21:41:54.078 * RDB: 0 MB of memory used by copy-on-write
106538:M 19 Jul 2022 21:41:54.179 * Background saving terminated with success
58216:C 08 Aug 2022 21:16:21.938 # oO0OoO0OoO0Oo Redis is starting oO0OoO0OoO0Oo
58216:C 08 Aug 2022 21:16:21.939 # Redis version=6.0.16, bits=64, commit=5895d119, modified=1, pid=58216, just started
58216:C 08 Aug 2022 21:16:21.939 # Configuration loaded
                _._                                                  
           _.-``__ ''-._                                             
      _.-``    `.  `_.  ''-._           Redis 6.0.16 (5895d119/1) 64 bit
  .-`` .-```.  ```\/    _.,_ ''-._                                   
 (    '      ,       .-`  | `,    )     Running in standalone mode
 |`-._`-...-` __...-.``-._|'` _.-'|     Port: 6379
 |    `-._   `._    /     _.-'    |     PID: 58216
  `-._    `-._  `-./  _.-'    _.-'                                   
 |`-._`-._    `-.__.-'    _.-'_.-'|                                  
 |    `-._`-._        _.-'_.-'    |           http://redis.io        
  `-._    `-._`-.__.-'_.-'    _.-'                                   
 |`-._`-._    `-.__.-'    _.-'_.-'|                                  
 |    `-._`-._        _.-'_.-'    |                                  
  `-._    `-._`-.__.-'_.-'    _.-'                                   
      `-._    `-.__.-'    _.-'                                       
          `-._        _.-'                                           
              `-.__.-'                                               

58216:M 08 Aug 2022 21:16:21.943 # WARNING: The TCP backlog setting of 511 cannot be enforced because /proc/sys/net/core/somaxconn is set to the lower value of 128.
58216:M 08 Aug 2022 21:16:21.943 # Server initialized
58216:M 08 Aug 2022 21:16:21.943 # WARNING overcommit_memory is set to 0! Background save may fail under low memory condition. To fix this issue add 'vm.overcommit_memory = 1' to /etc/sysctl.conf and then reboot or run the command 'sysctl vm.overcommit_memory=1' for this to take effect.
58216:M 08 Aug 2022 21:16:21.964 * Loading RDB produced by version 6.0.16
58216:M 08 Aug 2022 21:16:21.964 * RDB age 1726467 seconds
58216:M 08 Aug 2022 21:16:21.964 * RDB memory usage when created 0.79 Mb
58216:M 08 Aug 2022 21:16:21.964 * DB loaded from disk: 0.002 seconds
58216:M 08 Aug 2022 21:16:21.964 * Ready to accept connections
9963:C 11 Sep 2023 17:25:03.132 # oO0OoO0OoO0Oo Redis is starting oO0OoO0OoO0Oo
9963:C 11 Sep 2023 17:25:03.132 # Redis version=6.0.16, bits=64, commit=5895d119, modified=1, pid=9963, just started
9963:C 11 Sep 2023 17:25:03.132 # Configuration loaded
                _._                                                  
           _.-``__ ''-._                                             
      _.-``    `.  `_.  ''-._           Redis 6.0.16 (5895d119/1) 64 bit
  .-`` .-```.  ```\/    _.,_ ''-._                                   
 (    '      ,       .-`  | `,    )     Running in standalone mode
 |`-._`-...-` __...-.``-._|'` _.-'|     Port: 6380
 |    `-._   `._    /     _.-'    |     PID: 9963
  `-._    `-._  `-./  _.-'    _.-'                                   
 |`-._`-._    `-.__.-'    _.-'_.-'|                                  
 |    `-._`-._        _.-'_.-'    |           http://redis.io        
  `-._    `-._`-.__.-'_.-'    _.-'                                   
 |`-._`-._    `-.__.-'    _.-'_.-'|                                  
 |    `-._`-._        _.-'_.-'    |                                  
  `-._    `-._`-.__.-'_.-'    _.-'                                   
      `-._    `-.__.-'    _.-'                                       
          `-._        _.-'                                           
              `-.__.-'                                               

9963:M 11 Sep 2023 17:25:03.135 # Server initialized
9963:M 11 Sep 2023 17:25:03.135 # WARNING overcommit_memory is set to 0! Background save may fail under low memory condition. To fix this issue add 'vm.overcommit_memory = 1' to /etc/sysctl.conf and then reboot or run the command 'sysctl vm.overcommit_memory=1' for this to take effect.
9963:M 11 Sep 2023 17:25:03.149 * Loading RDB produced by version 6.0.16
9963:M 11 Sep 2023 17:25:03.150 * RDB age 36214989 seconds
9963:M 11 Sep 2023 17:25:03.150 * RDB memory usage when created 0.79 Mb
9963:M 11 Sep 2023 17:25:03.150 * DB loaded from disk: 0.000 seconds
9963:M 11 Sep 2023 17:25:03.150 * Ready to accept connections
10488:C 11 Sep 2023 17:35:35.913 # oO0OoO0OoO0Oo Redis is starting oO0OoO0OoO0Oo
10488:C 11 Sep 2023 17:35:35.913 # Redis version=6.0.16, bits=64, commit=5895d119, modified=1, pid=10488, just started
10488:C 11 Sep 2023 17:35:35.913 # Configuration loaded
                _._                                                  
           _.-``__ ''-._                                             
      _.-``    `.  `_.  ''-._           Redis 6.0.16 (5895d119/1) 64 bit
  .-`` .-```.  ```\/    _.,_ ''-._                                   
 (    '      ,       .-`  | `,    )     Running in standalone mode
 |`-._`-...-` __...-.``-._|'` _.-'|     Port: 6380
 |    `-._   `._    /     _.-'    |     PID: 10488
  `-._    `-._  `-./  _.-'    _.-'                                   
 |`-._`-._    `-.__.-'    _.-'_.-'|                                  
 |    `-._`-._        _.-'_.-'    |           http://redis.io        
  `-._    `-._`-.__.-'_.-'    _.-'                                   
 |`-._`-._    `-.__.-'    _.-'_.-'|                                  
 |    `-._`-._        _.-'_.-'    |                                  
  `-._    `-._`-.__.-'_.-'    _.-'                                   
      `-._    `-.__.-'    _.-'                                       
          `-._        _.-'                                           
              `-.__.-'                                               

10488:M 11 Sep 2023 17:35:35.914 # Server initialized
10488:M 11 Sep 2023 17:35:35.914 # WARNING overcommit_memory is set to 0! Background save may fail under low memory condition. To fix this issue add 'vm.overcommit_memory = 1' to /etc/sysctl.conf and then reboot or run the command 'sysctl vm.overcommit_memory=1' for this to take effect.
10488:M 11 Sep 2023 17:35:35.917 * Loading RDB produced by version 6.0.16
10488:M 11 Sep 2023 17:35:35.917 * RDB age 36215621 seconds
10488:M 11 Sep 2023 17:35:35.917 * RDB memory usage when created 0.79 Mb
10488:M 11 Sep 2023 17:35:35.917 * DB loaded from disk: 0.000 seconds
10488:M 11 Sep 2023 17:35:35.918 * Ready to accept connections
